<?xml version="1.0" encoding="UTF-8"?>
<!-- Generated by org.testng.reporters.JUnitReportReporter -->
<testsuite hostname="LAPTOP-J5MK4256" failures="0" tests="1" name="logintest.Dshop_test" time="13.114" errors="0" timestamp="2022-11-08T13:29:27 IST" skipped="0">
  <testcase classname="logintest.Dshop_test" name="Register1" time="13.114"/>
</testsuite> <!-- logintest.Dshop_test -->
