<?xml version="1.0" encoding="UTF-8"?>
<!-- Generated by org.testng.reporters.JUnitReportReporter -->
<testsuite hostname="LAPTOP-J5MK4256" failures="0" tests="4" name="logintest.DemoTestClass" time="0.012" errors="0" timestamp="2022-11-02T11:35:12 IST" skipped="0">
  <testcase classname="logintest.DemoTestClass" name="div" time="0.001"/>
  <testcase classname="logintest.DemoTestClass" name="sum" time="0.001"/>
  <testcase classname="logintest.DemoTestClass" name="mul" time="0.001"/>
  <testcase classname="logintest.DemoTestClass" name="Sub" time="0.009"/>
</testsuite> <!-- logintest.DemoTestClass -->
